Arguments: 
  C:\Program Files\nodejs\node.exe C:\Users\phong\AppData\Roaming\npm\node_modules\yarn\bin\yarn.js remove envs

PATH: 
  C:\Program Files\Git\mingw64\bin;C:\Program Files\Git\usr\bin;C:\Users\phong\bin;C:\WINDOWS\system32;C:\WINDOWS;C:\WINDOWS\System32\Wbem;C:\WINDOWS\System32\WindowsPowerShell\v1.0;C:\Program Files\erl9.2\bin;C:\Program Files (x86)\Elixir\bin;C:\WINDOWS\system32\config\systemprofile\.mix\escripts;C:\ProgramData\chocolatey\bin;C:\Program Files\nodejs;C:\Users\phong\AppData\Local\Microsoft\WindowsApps;C:\Program Files\Microsoft VS Code\bin;C:\Program Files\Heroku\bin;C:\Users\phong\AppData\Roaming\npm

Yarn version: 
  1.5.1

Node version: 
  10.0.0

Platform: 
  win32 x64

npm manifest: 
  {
    "name": "weather-info",
    "version": "1.0.0",
    "description": "",
    "main": "index.js",
    "scripts": {
      "start": "node index.js",
      "test": "echo \"Error: no test specified\" && exit 1"
    },
    "keywords": [],
    "author": "",
    "license": "ISC",
    "dependencies": {
      "axios": "^0.18.0",
      "envs": "^0.1.6",
      "inquirer": "^5.2.0"
    }
  }

yarn manifest: 
  No manifest

Lockfile: 
  No lockfile

Trace: 
  Error: No lockfile in this directory. Run `yarn install` to generate one.
      at new MessageError (C:\Users\phong\AppData\Roaming\npm\node_modules\yarn\lib\cli.js:186:110)
      at C:\Users\phong\AppData\Roaming\npm\node_modules\yarn\lib\cli.js:89389:13
